Arguments: 
  C:\Program Files\nodejs\node.exe C:\Users\nmanikiran\AppData\Roaming\npm\node_modules\yarn\bin\yarn.js

PATH: 
  C:\Program Files\Git\mingw64\bin;C:\Program Files\Git\usr\bin;C:\Users\nmanikiran\bin;D:\Softy\cmder\vendor\conemu-maximus5\ConEmu\Scripts;D:\Softy\cmder\vendor\conemu-maximus5;D:\Softy\cmder\vendor\conemu-maximus5\ConEmu;C:\Program Files (x86)\Common Files\Oracle\Java\javapath;C:\WINDOWS\system32;C:\WINDOWS;C:\WINDOWS\System32\Wbem;C:\WINDOWS\System32\WindowsPowerShell\v1.0;C:\Program Files\Microsoft VS Code\bin;C:\Program Files\nodejs;C:\Program Files\Git\cmd;C:\Program Files\Git\mingw64\bin;C:\Program Files\Git\usr\bin;C:\WINDOWS\System32\OpenSSH;C:\src\flutter\bin;C:\Python27;C:\Program Files\Dart\dart-sdk\bin;C:\Users\nmanikiran\AppData\Local\Microsoft\WindowsApps;C:\Users\nmanikiran\AppData\Roaming\npm;C:\Program Files\MongoDB\Server\4.0\bin;C:\Program Files\Java\jdk1.8.0_172\bin;C:\Program Files\Microsoft VS Code\bin;C:\Android\sdk;C:\src\flutter\bin;C:\Program Files\PostgreSQL\10\bin;C:\Program Files\PostgreSQL\10\lib;C:\Users\nmanikiran\AppData\Local\Programs\Microsoft VS Code\bin;C:\Python27

Yarn version: 
  1.12.3

Node version: 
  10.6.0

Platform: 
  win32 x64

Trace: 
  Error: EPERM: operation not permitted, unlink 'D:\projects\angular\movieMasti\node_modules\node-sass\vendor\win32-x64-64\binding.node'

npm manifest: 
  {
    "name": "movie-masti",
    "version": "1.0.0",
    "license": "MIT",
    "scripts": {
      "ng": "ng",
      "start": "ng serve -o",
      "build": "ng build --prod --optimization --vendor-chunk",
      "test": "ng test",
      "lint": "ng lint",
      "e2e": "ng e2e",
      "build-github": "ng build --prod --base-href /movieMasti/",
      "deploy": "gh-pages -d dist"
    },
    "private": true,
    "dependencies": {
      "@angular/animations": "7.2.12",
      "@angular/cdk": "^7.3.7",
      "@angular/common": "7.2.12",
      "@angular/compiler": "7.2.12",
      "@angular/core": "^7.2.12",
      "@angular/forms": "7.2.12",
      "@angular/http": "7.2.12",
      "@angular/material": "^7.3.7",
      "@angular/platform-browser": "7.2.12",
      "@angular/platform-browser-dynamic": "7.2.12",
      "@angular/pwa": "^0.10.7",
      "@angular/router": "7.2.12",
      "@angular/service-worker": "^7.2.12",
      "core-js": "^2.6.5",
      "gh-pages": "^2.0.1",
      "global": "^4.3.2",
      "hammerjs": "^2.0.8",
      "ng-lazyload-image": "^4.0.0",
      "ngx-infinite-scroll": "^7.1.0",
      "rxjs": "^6.4.0",
      "typescript": "3.2.4",
      "zone.js": "~0.8.29"
    },
    "devDependencies": {
      "@angular-devkit/build-angular": "^0.13.8",
      "@angular/cli": "^7.3.8",
      "@angular/compiler-cli": "^7.2.12",
      "@angular/language-service": "7.2.12",
      "@types/jasmine": "^2.8.16",
      "@types/jasminewd2": "^2.0.6",
      "@types/node": "^10.14.4",
      "codelyzer": "^4.5.0",
      "jasmine-core": "~3.3.0",
      "jasmine-spec-reporter": "~4.2.1",
      "karma": "^3.1.4",
      "karma-chrome-launcher": "^2.2.0",
      "karma-cli": "^1.0.1",
      "karma-coverage-istanbul-reporter": "^2.0.5",
      "karma-jasmine": "^1.1.2",
      "karma-jasmine-html-reporter": "^1.4.0",
      "protractor": "^5.4.2",
      "ts-node": "^7.0.1",
      "tslint": "^5.15.0"
    }
  }

yarn manifest: 
  No manifest

Lockfile: 
  No lockfile
